[0.015s] Invoking command in '/home/bin1225/workspaces/ur_gz/build/move_test_cpp': CMAKE_PREFIX_PATH=${CMAKE_PREFIX_PATH}:/home/bin1225/workspaces/ur_gz/install/pick_and_place_pkg:/opt/ros/jazzy /usr/bin/cmake --build /home/bin1225/workspaces/ur_gz/build/move_test_cpp -- -j22 -l22
[0.054s] [ 25%] Built target move_test_cpp_node
[0.054s] [ 50%] Built target move_test_2_cpp_node
[0.057s] [ 75%] Built target pick_and_place_cpp_node
[0.062s] [ 87%] [32mBuilding CXX object CMakeFiles/pick_and_place_arg_cpp_node.dir/src/pick_and_place_arg.cpp.o[0m
[3.328s] [01m[K/home/bin1225/workspaces/ur_gz/src/move_test_cpp/src/pick_and_place_arg.cpp:[m[K In function â€˜[01m[Kint[01;32m[K main[m[K(int, char**)[m[Kâ€™:
[3.328s] [01m[K/home/bin1225/workspaces/ur_gz/src/move_test_cpp/src/pick_and_place_arg.cpp:48:3:[m[K [01;31m[Kerror: [m[Kâ€˜[01m[Kgripper_pub[m[Kâ€™ was not declared in this scope
[3.328s]    48 |   [01;31m[Kgripper_pub[m[K->publish(open_cmd);
[3.328s]       |   [01;31m[K^~~~~~~~~~~[m[K
[5.205s] gmake[2]: *** [CMakeFiles/pick_and_place_arg_cpp_node.dir/build.make:76: CMakeFiles/pick_and_place_arg_cpp_node.dir/src/pick_and_place_arg.cpp.o] Error 1
[5.205s] gmake[1]: *** [CMakeFiles/Makefile2:221: CMakeFiles/pick_and_place_arg_cpp_node.dir/all] Error 2
[5.205s] gmake: *** [Makefile:146: all] Error 2
[5.208s] Invoked command in '/home/bin1225/workspaces/ur_gz/build/move_test_cpp' returned '2': CMAKE_PREFIX_PATH=${CMAKE_PREFIX_PATH}:/home/bin1225/workspaces/ur_gz/install/pick_and_place_pkg:/opt/ros/jazzy /usr/bin/cmake --build /home/bin1225/workspaces/ur_gz/build/move_test_cpp -- -j22 -l22
