[0.012s] Invoking command in '/home/bin1225/workspaces/ur_gz/build/move_test_cpp': CMAKE_PREFIX_PATH=${CMAKE_PREFIX_PATH}:/home/bin1225/workspaces/ur_gz/src/install/pick_and_place_pkg:/home/bin1225/workspaces/ur_gz/install/pick_and_place_pkg:/opt/ros/jazzy /usr/bin/cmake --build /home/bin1225/workspaces/ur_gz/build/move_test_cpp -- -j22 -l22
[0.053s] [ 66%] [32mBuilding CXX object CMakeFiles/pick_and_place_cpp_node.dir/src/pick_and_place.cpp.o[0m
[0.053s] [ 83%] Built target move_test_cpp_node
[0.053s] [ 66%] Built target move_test_2_cpp_node
[0.437s] [01m[K/home/bin1225/workspaces/ur_gz/src/move_test_cpp/src/pick_and_place.cpp:9:10:[m[K [01;31m[Kfatal error: [m[Ktf2_geometry_msgs/tf2_geometry_msgs.h: No such file or directory
[0.437s]     9 | #include [01;31m[K<tf2_geometry_msgs/tf2_geometry_msgs.h>[m[K
[0.437s]       |          [01;31m[K^~~~~~~~~~~~~~~~~~~~~~~~~~~~~~~~~~~~~~~[m[K
[0.437s] compilation terminated.
[0.439s] gmake[2]: *** [CMakeFiles/pick_and_place_cpp_node.dir/build.make:76: CMakeFiles/pick_and_place_cpp_node.dir/src/pick_and_place.cpp.o] Error 1
[0.439s] gmake[1]: *** [CMakeFiles/Makefile2:193: CMakeFiles/pick_and_place_cpp_node.dir/all] Error 2
[0.439s] gmake: *** [Makefile:146: all] Error 2
[0.442s] Invoked command in '/home/bin1225/workspaces/ur_gz/build/move_test_cpp' returned '2': CMAKE_PREFIX_PATH=${CMAKE_PREFIX_PATH}:/home/bin1225/workspaces/ur_gz/src/install/pick_and_place_pkg:/home/bin1225/workspaces/ur_gz/install/pick_and_place_pkg:/opt/ros/jazzy /usr/bin/cmake --build /home/bin1225/workspaces/ur_gz/build/move_test_cpp -- -j22 -l22
