[0.026s] Invoking command in '/home/bin1225/workspaces/ur_gz/src/build/move_test_cpp': CMAKE_PREFIX_PATH=${CMAKE_PREFIX_PATH}:/home/bin1225/workspaces/ur_gz/install/pick_and_place_pkg:/opt/ros/jazzy /usr/bin/cmake /home/bin1225/workspaces/ur_gz/src/move_test_cpp -DCMAKE_INSTALL_PREFIX=/home/bin1225/workspaces/ur_gz/src/install/move_test_cpp
[0.314s] -- The C compiler identification is GNU 13.3.0
[0.810s] -- The CXX compiler identification is GNU 13.3.0
[1.156s] -- Detecting C compiler ABI info
[1.292s] -- Detecting C compiler ABI info - done
[1.298s] -- Check for working C compiler: /usr/bin/cc - skipped
[1.298s] -- Detecting C compile features
[1.298s] -- Detecting C compile features - done
[1.345s] -- Detecting CXX compiler ABI info
[1.490s] -- Detecting CXX compiler ABI info - done
[1.498s] -- Check for working CXX compiler: /usr/bin/c++ - skipped
[1.498s] -- Detecting CXX compile features
[1.499s] -- Detecting CXX compile features - done
[1.501s] -- Found ament_cmake: 2.5.3 (/opt/ros/jazzy/share/ament_cmake/cmake)
[1.617s] -- Found Python3: /usr/bin/python3 (found version "3.12.3") found components: Interpreter 
[1.723s] -- Found rclcpp: 28.1.8 (/opt/ros/jazzy/share/rclcpp/cmake)
[2.022s] -- Found rosidl_generator_c: 4.6.5 (/opt/ros/jazzy/share/rosidl_generator_c/cmake)
[2.047s] -- Found rosidl_generator_cpp: 4.6.5 (/opt/ros/jazzy/share/rosidl_generator_cpp/cmake)
[2.082s] -- Using all available rosidl_typesupport_c: rosidl_typesupport_fastrtps_c;rosidl_typesupport_introspection_c
[2.110s] -- Using all available rosidl_typesupport_cpp: rosidl_typesupport_fastrtps_cpp;rosidl_typesupport_introspection_cpp
[2.229s] -- Found rmw_implementation_cmake: 7.3.2 (/opt/ros/jazzy/share/rmw_implementation_cmake/cmake)
[2.234s] -- Found rmw_fastrtps_cpp: 8.4.2 (/opt/ros/jazzy/share/rmw_fastrtps_cpp/cmake)
[2.335s] -- Found OpenSSL: /usr/lib/x86_64-linux-gnu/libcrypto.so (found version "3.0.13")  
[2.496s] -- Found FastRTPS: /opt/ros/jazzy/include (Required is at least version "2.13") 
[2.582s] -- Using RMW implementation 'rmw_fastrtps_cpp' as default
[2.842s] -- Found moveit_ros_planning_interface: 2.12.2 (/opt/ros/jazzy/share/moveit_ros_planning_interface/cmake)
[3.022s] -- Found Boost: /usr/lib/x86_64-linux-gnu/cmake/Boost-1.83.0/BoostConfig.cmake (found version "1.83.0") found components: date_time filesystem program_options system thread 
[3.365s] -- Found Boost: /usr/lib/x86_64-linux-gnu/cmake/Boost-1.83.0/BoostConfig.cmake (found version "1.83.0") found components: chrono date_time filesystem iostreams program_options regex serialization system thread 
[4.218s] -- Found parameter_traits: 0.4.0 (/opt/ros/jazzy/share/parameter_traits/cmake)
[4.239s] -- Found rclcpp_lifecycle: 28.1.8 (/opt/ros/jazzy/share/rclcpp_lifecycle/cmake)
[4.293s] -- Found Boost: /usr/lib/x86_64-linux-gnu/cmake/Boost-1.83.0/BoostConfig.cmake (found version "1.83.0") found components: filesystem 
[4.394s] -- Found Eigen3: TRUE (found version "3.4.0") 
[4.394s] -- Ensuring Eigen3 include directory is part of orocos-kdl CMake target
[4.606s] -- Found Boost: /usr/lib/x86_64-linux-gnu/cmake/Boost-1.83.0/BoostConfig.cmake (found version "1.83.0") found components: system filesystem date_time program_options thread chrono 
[4.668s] -- Found Boost: /usr/lib/x86_64-linux-gnu/cmake/Boost-1.83.0/BoostConfig.cmake (found version "1.83.0") found components: thread system filesystem regex date_time program_options 
[4.707s] -- Found Boost: /usr/lib/x86_64-linux-gnu/cmake/Boost-1.83.0/BoostConfig.cmake (found version "1.83.0") found components: system filesystem date_time program_options thread 
[4.851s] -- Configuring done (4.8s)
[4.891s] -- Generating done (0.0s)
[4.896s] -- Build files have been written to: /home/bin1225/workspaces/ur_gz/src/build/move_test_cpp
[4.913s] Invoked command in '/home/bin1225/workspaces/ur_gz/src/build/move_test_cpp' returned '0': CMAKE_PREFIX_PATH=${CMAKE_PREFIX_PATH}:/home/bin1225/workspaces/ur_gz/install/pick_and_place_pkg:/opt/ros/jazzy /usr/bin/cmake /home/bin1225/workspaces/ur_gz/src/move_test_cpp -DCMAKE_INSTALL_PREFIX=/home/bin1225/workspaces/ur_gz/src/install/move_test_cpp
[4.914s] Invoking command in '/home/bin1225/workspaces/ur_gz/src/build/move_test_cpp': CMAKE_PREFIX_PATH=${CMAKE_PREFIX_PATH}:/home/bin1225/workspaces/ur_gz/install/pick_and_place_pkg:/opt/ros/jazzy /usr/bin/cmake --build /home/bin1225/workspaces/ur_gz/src/build/move_test_cpp -- -j22 -l22
[4.957s] [ 50%] [32mBuilding CXX object CMakeFiles/move_test_cpp_node.dir/src/move_test.cpp.o[0m
[8.301s] In file included from [01m[K/home/bin1225/workspaces/ur_gz/src/move_test_cpp/src/move_test.cpp:2[m[K:
[8.301s] [01m[K/opt/ros/jazzy/include/moveit_ros_planning_interface/moveit/move_group_interface/move_group_interface.h:51:77:[m[K [01;36m[Knote: [m[Kâ€˜[01m[K#pragma message: .h header is obsolete. Please use the .hpp header instead.[m[Kâ€™
[8.301s]    51 | #pragma message(".h header is obsolete. Please use the .hpp header instead."[01;36m[K)[m[K
[8.301s]       |                                                                             [01;36m[K^[m[K
[10.197s] [01m[K/home/bin1225/workspaces/ur_gz/src/move_test_cpp/src/move_test.cpp:[m[K In function â€˜[01m[Kint[01;32m[K main[m[K(int, char**)[m[Kâ€™:
[10.197s] [01m[K/home/bin1225/workspaces/ur_gz/src/move_test_cpp/src/move_test.cpp:22:30:[m[K [01;31m[Kerror: [m[Kno matching function for call to â€˜[01m[Kmoveit::planning_interface::MoveGroupInterface::plan()[m[Kâ€™
[10.197s]    22 |   auto plan = [01;31m[Kmove_group.plan()[m[K;
[10.197s]       |               [01;31m[K~~~~~~~~~~~~~~~^~[m[K
[10.198s] In file included from [01m[K/opt/ros/jazzy/include/moveit_ros_planning_interface/moveit/move_group_interface/move_group_interface.h:52[m[K:
[10.198s] [01m[K/opt/ros/jazzy/include/moveit_ros_planning_interface/moveit/move_group_interface/move_group_interface.hpp:717:33:[m[K [01;36m[Knote: [m[Kcandidate: â€˜[01m[Kmoveit::core::MoveItErrorCode moveit::planning_interface::MoveGroupInterface::[01;32m[Kplan[m[K(Plan&)[m[Kâ€™
[10.198s]   717 |   moveit::core::MoveItErrorCode [01;36m[Kplan[m[K(Plan& plan);
[10.198s]       |                                 [01;36m[K^~~~[m[K
[10.198s] [01m[K/opt/ros/jazzy/include/moveit_ros_planning_interface/moveit/move_group_interface/move_group_interface.hpp:717:33:[m[K [01;36m[Knote: [m[K  candidate expects 1 argument, 0 provided
[12.427s] gmake[2]: *** [CMakeFiles/move_test_cpp_node.dir/build.make:76: CMakeFiles/move_test_cpp_node.dir/src/move_test.cpp.o] Error 1
[12.427s] gmake[1]: *** [CMakeFiles/Makefile2:137: CMakeFiles/move_test_cpp_node.dir/all] Error 2
[12.427s] gmake: *** [Makefile:146: all] Error 2
[12.429s] Invoked command in '/home/bin1225/workspaces/ur_gz/src/build/move_test_cpp' returned '2': CMAKE_PREFIX_PATH=${CMAKE_PREFIX_PATH}:/home/bin1225/workspaces/ur_gz/install/pick_and_place_pkg:/opt/ros/jazzy /usr/bin/cmake --build /home/bin1225/workspaces/ur_gz/src/build/move_test_cpp -- -j22 -l22
