[ 50%] [32mBuilding CXX object CMakeFiles/move_test_cpp_node.dir/src/move_test.cpp.o[0m
[01m[K/home/bin1225/workspaces/ur_gz/src/move_test_cpp/src/move_test.cpp:[m[K In function â€˜[01m[Kint[01;32m[K main[m[K(int, char**)[m[Kâ€™:
[01m[K/home/bin1225/workspaces/ur_gz/src/move_test_cpp/src/move_test.cpp:27:13:[m[K [01;31m[Kerror: [m[Kâ€˜[01m[Kstruct moveit::planning_interface::MoveGroupInterface::Plan[m[Kâ€™ has no member named â€˜[01m[Ktrajectory_[m[Kâ€™; did you mean â€˜[01m[Ktrajectory[m[Kâ€™?
   27 |       !plan.[01;31m[Ktrajectory_[m[K.joint_trajectory.points.empty())
      |             [01;31m[K^~~~~~~~~~~[m[K
      |             [32m[Ktrajectory[m[K
In file included from [01m[K/opt/ros/jazzy/include/rclcpp/rclcpp/logging.hpp:24[m[K,
                 from [01m[K/opt/ros/jazzy/include/rclcpp/rclcpp/copy_all_parameter_values.hpp:27[m[K,
                 from [01m[K/opt/ros/jazzy/include/rclcpp/rclcpp/rclcpp.hpp:171[m[K,
                 from [01m[K/home/bin1225/workspaces/ur_gz/src/move_test_cpp/src/move_test.cpp:1[m[K:
[01m[K/home/bin1225/workspaces/ur_gz/src/move_test_cpp/src/move_test.cpp:34:38:[m[K [01;35m[Kwarning: [m[Kformat â€˜[01m[K%d[m[Kâ€™ expects argument of type â€˜[01m[Kint[m[Kâ€™, but argument 5 has type â€˜[01m[Kmoveit::core::MoveItErrorCode[m[Kâ€™ [[01;35m[K]8;;https://gcc.gnu.org/onlinedocs/gcc/Warning-Options.html#index-Wformat=-Wformat=]8;;[m[K]
   34 |     RCLCPP_ERROR(node->get_logger(), [01;35m[K"Planning failed (code: %d)"[m[K, ec);
      |                                      [01;35m[K^~~~~~~~~~~~~~~~~~~~~~~~~~~~[m[K
[01m[K/home/bin1225/workspaces/ur_gz/src/move_test_cpp/src/move_test.cpp:34:63:[m[K [01;36m[Knote: [m[Kformat string is defined here
   34 | PP_ERROR(node->get_logger(), "Planning failed (code: [01;36m[K%d[m[K)", ec);
      |                                                      [01;36m[K~^[m[K
      |                                                       [01;36m[K|[m[K
      |                                                       [01;36m[Kint[m[K

gmake[2]: *** [CMakeFiles/move_test_cpp_node.dir/build.make:76: CMakeFiles/move_test_cpp_node.dir/src/move_test.cpp.o] Error 1
gmake[1]: *** [CMakeFiles/Makefile2:137: CMakeFiles/move_test_cpp_node.dir/all] Error 2
gmake: *** [Makefile:146: all] Error 2
