[ 66%] Built target move_test_2_cpp_node
[ 66%] Built target move_test_cpp_node
[ 83%] [32mBuilding CXX object CMakeFiles/pick_and_place_cpp_node.dir/src/pick_and_place.cpp.o[0m
[01m[K/home/bin1225/workspaces/ur_gz/src/move_test_cpp/src/pick_and_place.cpp:[m[K In function â€˜[01m[Kint[01;32m[K main[m[K(int, char**)[m[Kâ€™:
[01m[K/home/bin1225/workspaces/ur_gz/src/move_test_cpp/src/pick_and_place.cpp:49:42:[m[K [01;31m[Kerror: [m[Kno matching function for call to â€˜[01m[KtoMsg(tf2::Quaternion&)[m[Kâ€™
   49 |   pick_pose.pose.orientation = [01;31m[Ktf2::toMsg(q)[m[K;
      |                                [01;31m[K~~~~~~~~~~^~~[m[K
In file included from [01m[K/opt/ros/jazzy/include/tf2_ros/tf2_ros/buffer_interface.h:43[m[K,
                 from [01m[K/opt/ros/jazzy/include/tf2_ros/tf2_ros/buffer.h:43[m[K,
                 from [01m[K/opt/ros/jazzy/include/moveit_ros_planning_interface/moveit/move_group_interface/move_group_interface.hpp:59[m[K,
                 from [01m[K/home/bin1225/workspaces/ur_gz/src/move_test_cpp/src/pick_and_place.cpp:2[m[K:
[01m[K/opt/ros/jazzy/include/tf2/tf2/convert.hpp:129:3:[m[K [01;36m[Knote: [m[Kcandidate: â€˜[01m[Ktemplate<class A, class B> B tf2::[01;32m[KtoMsg[m[K(const A&)[m[Kâ€™
  129 | B [01;36m[KtoMsg[m[K(const A & a);
      |   [01;36m[K^~~~~[m[K
[01m[K/opt/ros/jazzy/include/tf2/tf2/convert.hpp:129:3:[m[K [01;36m[Knote: [m[K  template argument deduction/substitution failed:
[01m[K/home/bin1225/workspaces/ur_gz/src/move_test_cpp/src/pick_and_place.cpp:49:42:[m[K [01;36m[Knote: [m[K  couldnâ€™t deduce template parameter â€˜[01m[KB[m[Kâ€™
   49 |   pick_pose.pose.orientation = [01;36m[Ktf2::toMsg(q)[m[K;
      |                                [01;36m[K~~~~~~~~~~^~~[m[K
gmake[2]: *** [CMakeFiles/pick_and_place_cpp_node.dir/build.make:76: CMakeFiles/pick_and_place_cpp_node.dir/src/pick_and_place.cpp.o] Error 1
gmake[1]: *** [CMakeFiles/Makefile2:193: CMakeFiles/pick_and_place_cpp_node.dir/all] Error 2
gmake: *** [Makefile:146: all] Error 2
