[0.031s] Invoking command in '/home/bin1225/workspaces/ur_gz/build/move_test_cpp': CMAKE_PREFIX_PATH=${CMAKE_PREFIX_PATH}:/home/bin1225/workspaces/ur_gz/install/pick_and_place_pkg:/opt/ros/jazzy /usr/bin/cmake --build /home/bin1225/workspaces/ur_gz/build/move_test_cpp -- -j22 -l22
[0.308s] [ 25%] Built target pick_and_place_cpp_node
[0.308s] [ 50%] Built target move_test_2_cpp_node
[0.309s] [ 75%] Built target move_test_cpp_node
[0.310s] [ 87%] [32mBuilding CXX object CMakeFiles/pick_and_place_arg_cpp_node.dir/src/pick_and_place_arg.cpp.o[0m
[0.682s] [01m[K/home/bin1225/workspaces/ur_gz/src/move_test_cpp/src/pick_and_place_arg.cpp:6:10:[m[K [01;31m[Kfatal error: [m[Ktf2_geometry_msgs/tf2_geometry_msgs.h: No such file or directory
[0.682s]     6 | #include [01;31m[K<tf2_geometry_msgs/tf2_geometry_msgs.h>[m[K
[0.682s]       |          [01;31m[K^~~~~~~~~~~~~~~~~~~~~~~~~~~~~~~~~~~~~~~[m[K
[0.682s] compilation terminated.
[0.684s] gmake[2]: *** [CMakeFiles/pick_and_place_arg_cpp_node.dir/build.make:76: CMakeFiles/pick_and_place_arg_cpp_node.dir/src/pick_and_place_arg.cpp.o] Error 1
[0.685s] gmake[1]: *** [CMakeFiles/Makefile2:221: CMakeFiles/pick_and_place_arg_cpp_node.dir/all] Error 2
[0.685s] gmake: *** [Makefile:146: all] Error 2
[0.687s] Invoked command in '/home/bin1225/workspaces/ur_gz/build/move_test_cpp' returned '2': CMAKE_PREFIX_PATH=${CMAKE_PREFIX_PATH}:/home/bin1225/workspaces/ur_gz/install/pick_and_place_pkg:/opt/ros/jazzy /usr/bin/cmake --build /home/bin1225/workspaces/ur_gz/build/move_test_cpp -- -j22 -l22
