[0.013s] Invoking command in '/home/bin1225/workspaces/ur_gz/build/move_test_cpp': CMAKE_PREFIX_PATH=${CMAKE_PREFIX_PATH}:/home/bin1225/workspaces/ur_gz/src/install/pick_and_place_pkg:/home/bin1225/workspaces/ur_gz/install/pick_and_place_pkg:/opt/ros/jazzy /usr/bin/cmake --build /home/bin1225/workspaces/ur_gz/build/move_test_cpp -- -j22 -l22
[0.050s] [ 33%] Built target move_test_cpp_node
[0.050s] [ 66%] Built target move_test_2_cpp_node
[0.056s] [ 83%] [32mBuilding CXX object CMakeFiles/pick_and_place_cpp_node.dir/src/pick_and_place.cpp.o[0m
[3.261s] [01m[K/home/bin1225/workspaces/ur_gz/src/move_test_cpp/src/pick_and_place.cpp:[m[K In function â€˜[01m[Kint[01;32m[K main[m[K(int, char**)[m[Kâ€™:
[3.261s] [01m[K/home/bin1225/workspaces/ur_gz/src/move_test_cpp/src/pick_and_place.cpp:78:36:[m[K [01;31m[Kerror: [m[Kredeclaration of â€˜[01m[Kstd_msgs::msg::Float64MultiArray open_cmd[m[Kâ€™
[3.261s]    78 |   std_msgs::msg::Float64MultiArray [01;31m[Kopen_cmd[m[K;
[3.262s]       |                                    [01;31m[K^~~~~~~~[m[K
[3.262s] [01m[K/home/bin1225/workspaces/ur_gz/src/move_test_cpp/src/pick_and_place.cpp:24:36:[m[K [01;36m[Knote: [m[Kâ€˜[01m[Kstd_msgs::msg::Float64MultiArray open_cmd[m[Kâ€™ previously declared here
[3.262s]    24 |   std_msgs::msg::Float64MultiArray [01;36m[Kopen_cmd[m[K;
[3.262s]       |                                    [01;36m[K^~~~~~~~[m[K
[5.293s] gmake[2]: *** [CMakeFiles/pick_and_place_cpp_node.dir/build.make:76: CMakeFiles/pick_and_place_cpp_node.dir/src/pick_and_place.cpp.o] Error 1
[5.293s] gmake[1]: *** [CMakeFiles/Makefile2:193: CMakeFiles/pick_and_place_cpp_node.dir/all] Error 2
[5.293s] gmake: *** [Makefile:146: all] Error 2
[5.295s] Invoked command in '/home/bin1225/workspaces/ur_gz/build/move_test_cpp' returned '2': CMAKE_PREFIX_PATH=${CMAKE_PREFIX_PATH}:/home/bin1225/workspaces/ur_gz/src/install/pick_and_place_pkg:/home/bin1225/workspaces/ur_gz/install/pick_and_place_pkg:/opt/ros/jazzy /usr/bin/cmake --build /home/bin1225/workspaces/ur_gz/build/move_test_cpp -- -j22 -l22
