[ 25%] Built target move_test_cpp_node
[ 50%] Built target pick_and_place_cpp_node
[ 75%] Built target move_test_2_cpp_node
[ 87%] [32mBuilding CXX object CMakeFiles/pick_and_place_arg_cpp_node.dir/src/pick_and_place_arg.cpp.o[0m
[01m[K/home/bin1225/workspaces/ur_gz/src/move_test_cpp/src/pick_and_place_arg.cpp:[m[K In function â€˜[01m[Kint[01;32m[K main[m[K(int, char**)[m[Kâ€™:
[01m[K/home/bin1225/workspaces/ur_gz/src/move_test_cpp/src/pick_and_place_arg.cpp:116:10:[m[K [01;31m[Kerror: [m[Kconflicting declaration â€˜[01m[Kauto ee_pose[m[Kâ€™
  116 |     auto [01;31m[Kee_pose[m[K = move_group.getCurrentPose();  // = getCurrentPose(getEndEffectorLink())
      |          [01;31m[K^~~~~~~[m[K
[01m[K/home/bin1225/workspaces/ur_gz/src/move_test_cpp/src/pick_and_place_arg.cpp:40:8:[m[K [01;36m[Knote: [m[Kprevious declaration as â€˜[01m[Kgeometry_msgs::msg::PoseStamped_<std::allocator<void> > ee_pose[m[Kâ€™
   40 |   auto [01;36m[Kee_pose[m[K = move_group.getCurrentPose();  // = getCurrentPose(getEndEffectorLink())
      |        [01;36m[K^~~~~~~[m[K
gmake[2]: *** [CMakeFiles/pick_and_place_arg_cpp_node.dir/build.make:76: CMakeFiles/pick_and_place_arg_cpp_node.dir/src/pick_and_place_arg.cpp.o] Error 1
gmake[1]: *** [CMakeFiles/Makefile2:221: CMakeFiles/pick_and_place_arg_cpp_node.dir/all] Error 2
gmake: *** [Makefile:146: all] Error 2
