[0.041s] Invoking command in '/home/bin1225/workspaces/ur_gz/build/move_test_cpp': CMAKE_PREFIX_PATH=${CMAKE_PREFIX_PATH}:/home/bin1225/workspaces/ur_gz/install/pick_and_place_pkg:/opt/ros/jazzy /usr/bin/cmake --build /home/bin1225/workspaces/ur_gz/build/move_test_cpp -- -j22 -l22
[0.134s] [ 25%] Built target move_test_cpp_node
[0.138s] [ 50%] Built target pick_and_place_cpp_node
[0.140s] [ 75%] Built target move_test_2_cpp_node
[0.147s] [ 87%] [32mBuilding CXX object CMakeFiles/pick_and_place_arg_cpp_node.dir/src/pick_and_place_arg.cpp.o[0m
[8.369s] [01m[K/home/bin1225/workspaces/ur_gz/src/move_test_cpp/src/pick_and_place_arg.cpp:[m[K In function â€˜[01m[Kint[01;32m[K main[m[K(int, char**)[m[Kâ€™:
[8.369s] [01m[K/home/bin1225/workspaces/ur_gz/src/move_test_cpp/src/pick_and_place_arg.cpp:116:10:[m[K [01;31m[Kerror: [m[Kconflicting declaration â€˜[01m[Kauto ee_pose[m[Kâ€™
[8.369s]   116 |     auto [01;31m[Kee_pose[m[K = move_group.getCurrentPose();  // = getCurrentPose(getEndEffectorLink())
[8.369s]       |          [01;31m[K^~~~~~~[m[K
[8.369s] [01m[K/home/bin1225/workspaces/ur_gz/src/move_test_cpp/src/pick_and_place_arg.cpp:40:8:[m[K [01;36m[Knote: [m[Kprevious declaration as â€˜[01m[Kgeometry_msgs::msg::PoseStamped_<std::allocator<void> > ee_pose[m[Kâ€™
[8.369s]    40 |   auto [01;36m[Kee_pose[m[K = move_group.getCurrentPose();  // = getCurrentPose(getEndEffectorLink())
[8.369s]       |        [01;36m[K^~~~~~~[m[K
[12.996s] gmake[2]: *** [CMakeFiles/pick_and_place_arg_cpp_node.dir/build.make:76: CMakeFiles/pick_and_place_arg_cpp_node.dir/src/pick_and_place_arg.cpp.o] Error 1
[12.996s] gmake[1]: *** [CMakeFiles/Makefile2:221: CMakeFiles/pick_and_place_arg_cpp_node.dir/all] Error 2
[12.996s] gmake: *** [Makefile:146: all] Error 2
[13.001s] Invoked command in '/home/bin1225/workspaces/ur_gz/build/move_test_cpp' returned '2': CMAKE_PREFIX_PATH=${CMAKE_PREFIX_PATH}:/home/bin1225/workspaces/ur_gz/install/pick_and_place_pkg:/opt/ros/jazzy /usr/bin/cmake --build /home/bin1225/workspaces/ur_gz/build/move_test_cpp -- -j22 -l22
