[0.013s] Invoking command in '/home/bin1225/workspaces/ur_gz/src/build/move_test_cpp': CMAKE_PREFIX_PATH=${CMAKE_PREFIX_PATH}:/home/bin1225/workspaces/ur_gz/src/install/pick_and_place_pkg:/home/bin1225/workspaces/ur_gz/install/pick_and_place_pkg:/opt/ros/jazzy /usr/bin/cmake --build /home/bin1225/workspaces/ur_gz/src/build/move_test_cpp -- -j22 -l22
[0.044s] [ 25%] [32mBuilding CXX object CMakeFiles/move_test_2_cpp_node.dir/src/move_test_2.cpp.o[0m
[0.049s] [01m[K/home/bin1225/workspaces/ur_gz/src/move_test_cpp/src/move_test_2.cpp:1:10:[m[K [01;31m[Kfatal error: [m[Krclcpp/rclcpp.hpp: No such file or directory
[0.049s]     1 | #include [01;31m[K<rclcpp/rclcpp.hpp>[m[K
[0.049s]       |          [01;31m[K^~~~~~~~~~~~~~~~~~~[m[K
[0.049s] compilation terminated.
[0.050s] [ 75%] Built target move_test_cpp_node
[0.050s] gmake[2]: *** [CMakeFiles/move_test_2_cpp_node.dir/build.make:76: CMakeFiles/move_test_2_cpp_node.dir/src/move_test_2.cpp.o] Error 1
[0.050s] gmake[1]: *** [CMakeFiles/Makefile2:165: CMakeFiles/move_test_2_cpp_node.dir/all] Error 2
[0.050s] gmake: *** [Makefile:146: all] Error 2
[0.166s] Invoked command in '/home/bin1225/workspaces/ur_gz/src/build/move_test_cpp' returned '2': CMAKE_PREFIX_PATH=${CMAKE_PREFIX_PATH}:/home/bin1225/workspaces/ur_gz/src/install/pick_and_place_pkg:/home/bin1225/workspaces/ur_gz/install/pick_and_place_pkg:/opt/ros/jazzy /usr/bin/cmake --build /home/bin1225/workspaces/ur_gz/src/build/move_test_cpp -- -j22 -l22
