In file included from [01m[K/home/bin1225/workspaces/ur_gz/src/move_test_cpp/src/move_test.cpp:2[m[K:
[01m[K/opt/ros/jazzy/include/moveit_ros_planning_interface/moveit/move_group_interface/move_group_interface.h:51:77:[m[K [01;36m[Knote: [m[Kâ€˜[01m[K#pragma message: .h header is obsolete. Please use the .hpp header instead.[m[Kâ€™
   51 | e(".h header is obsolete. Please use the .hpp header instead."[01;36m[K)[m[K
      |                                                               [01;36m[K^[m[K

[01m[K/home/bin1225/workspaces/ur_gz/src/move_test_cpp/src/move_test.cpp:[m[K In function â€˜[01m[Kint[01;32m[K main[m[K(int, char**)[m[Kâ€™:
[01m[K/home/bin1225/workspaces/ur_gz/src/move_test_cpp/src/move_test.cpp:22:30:[m[K [01;31m[Kerror: [m[Kno matching function for call to â€˜[01m[Kmoveit::planning_interface::MoveGroupInterface::plan()[m[Kâ€™
   22 |   auto plan = [01;31m[Kmove_group.plan()[m[K;
      |               [01;31m[K~~~~~~~~~~~~~~~^~[m[K
In file included from [01m[K/opt/ros/jazzy/include/moveit_ros_planning_interface/moveit/move_group_interface/move_group_interface.h:52[m[K:
[01m[K/opt/ros/jazzy/include/moveit_ros_planning_interface/moveit/move_group_interface/move_group_interface.hpp:717:33:[m[K [01;36m[Knote: [m[Kcandidate: â€˜[01m[Kmoveit::core::MoveItErrorCode moveit::planning_interface::MoveGroupInterface::[01;32m[Kplan[m[K(Plan&)[m[Kâ€™
  717 |   moveit::core::MoveItErrorCode [01;36m[Kplan[m[K(Plan& plan);
      |                                 [01;36m[K^~~~[m[K
[01m[K/opt/ros/jazzy/include/moveit_ros_planning_interface/moveit/move_group_interface/move_group_interface.hpp:717:33:[m[K [01;36m[Knote: [m[K  candidate expects 1 argument, 0 provided
gmake[2]: *** [CMakeFiles/move_test_cpp_node.dir/build.make:76: CMakeFiles/move_test_cpp_node.dir/src/move_test.cpp.o] Error 1
gmake[1]: *** [CMakeFiles/Makefile2:137: CMakeFiles/move_test_cpp_node.dir/all] Error 2
gmake: *** [Makefile:146: all] Error 2
