[0.016s] Invoking command in '/home/bin1225/workspaces/ur_gz/build/move_test_cpp': CMAKE_PREFIX_PATH=${CMAKE_PREFIX_PATH}:/home/bin1225/workspaces/ur_gz/install/pick_and_place_pkg:/opt/ros/jazzy /usr/bin/cmake /home/bin1225/workspaces/ur_gz/src/move_test_cpp -DCMAKE_INSTALL_PREFIX=/home/bin1225/workspaces/ur_gz/install/move_test_cpp
[0.273s] -- The C compiler identification is GNU 13.3.0
[1.120s] -- The CXX compiler identification is GNU 13.3.0
[2.203s] -- Detecting C compiler ABI info
[2.628s] -- Detecting C compiler ABI info - done
[2.645s] -- Check for working C compiler: /usr/bin/cc - skipped
[2.645s] -- Detecting C compile features
[2.645s] -- Detecting C compile features - done
[2.792s] -- Detecting CXX compiler ABI info
[3.083s] -- Detecting CXX compiler ABI info - done
[3.095s] -- Check for working CXX compiler: /usr/bin/c++ - skipped
[3.096s] -- Detecting CXX compile features
[3.097s] -- Detecting CXX compile features - done
[3.102s] -- Found ament_cmake: 2.5.3 (/opt/ros/jazzy/share/ament_cmake/cmake)
[3.305s] -- Found Python3: /usr/bin/python3 (found version "3.12.3") found components: Interpreter 
[3.484s] -- Found rclcpp: 28.1.8 (/opt/ros/jazzy/share/rclcpp/cmake)
[3.911s] -- Found rosidl_generator_c: 4.6.5 (/opt/ros/jazzy/share/rosidl_generator_c/cmake)
[3.933s] -- Found rosidl_generator_cpp: 4.6.5 (/opt/ros/jazzy/share/rosidl_generator_cpp/cmake)
[3.961s] -- Using all available rosidl_typesupport_c: rosidl_typesupport_fastrtps_c;rosidl_typesupport_introspection_c
[3.987s] -- Using all available rosidl_typesupport_cpp: rosidl_typesupport_fastrtps_cpp;rosidl_typesupport_introspection_cpp
[4.103s] -- Found rmw_implementation_cmake: 7.3.2 (/opt/ros/jazzy/share/rmw_implementation_cmake/cmake)
[4.110s] -- Found rmw_fastrtps_cpp: 8.4.2 (/opt/ros/jazzy/share/rmw_fastrtps_cpp/cmake)
[4.276s] -- Found OpenSSL: /usr/lib/x86_64-linux-gnu/libcrypto.so (found version "3.0.13")  
[4.620s] -- Found FastRTPS: /opt/ros/jazzy/include (Required is at least version "2.13") 
[4.839s] -- Using RMW implementation 'rmw_fastrtps_cpp' as default
[5.274s] -- Found moveit_ros_planning_interface: 2.12.2 (/opt/ros/jazzy/share/moveit_ros_planning_interface/cmake)
[5.674s] -- Found Boost: /usr/lib/x86_64-linux-gnu/cmake/Boost-1.83.0/BoostConfig.cmake (found version "1.83.0") found components: date_time filesystem program_options system thread 
[6.316s] -- Found Boost: /usr/lib/x86_64-linux-gnu/cmake/Boost-1.83.0/BoostConfig.cmake (found version "1.83.0") found components: chrono date_time filesystem iostreams program_options regex serialization system thread 
[7.595s] -- Found parameter_traits: 0.4.0 (/opt/ros/jazzy/share/parameter_traits/cmake)
[7.622s] -- Found rclcpp_lifecycle: 28.1.8 (/opt/ros/jazzy/share/rclcpp_lifecycle/cmake)
[7.705s] -- Found Boost: /usr/lib/x86_64-linux-gnu/cmake/Boost-1.83.0/BoostConfig.cmake (found version "1.83.0") found components: filesystem 
[7.941s] -- Found Eigen3: TRUE (found version "3.4.0") 
[7.941s] -- Ensuring Eigen3 include directory is part of orocos-kdl CMake target
[8.325s] -- Found Boost: /usr/lib/x86_64-linux-gnu/cmake/Boost-1.83.0/BoostConfig.cmake (found version "1.83.0") found components: system filesystem date_time program_options thread chrono 
[8.412s] -- Found Boost: /usr/lib/x86_64-linux-gnu/cmake/Boost-1.83.0/BoostConfig.cmake (found version "1.83.0") found components: thread system filesystem regex date_time program_options 
[8.466s] -- Found Boost: /usr/lib/x86_64-linux-gnu/cmake/Boost-1.83.0/BoostConfig.cmake (found version "1.83.0") found components: system filesystem date_time program_options thread 
[8.679s] -- Configuring done (8.6s)
[8.734s] -- Generating done (0.0s)
[8.743s] -- Build files have been written to: /home/bin1225/workspaces/ur_gz/build/move_test_cpp
[8.773s] Invoked command in '/home/bin1225/workspaces/ur_gz/build/move_test_cpp' returned '0': CMAKE_PREFIX_PATH=${CMAKE_PREFIX_PATH}:/home/bin1225/workspaces/ur_gz/install/pick_and_place_pkg:/opt/ros/jazzy /usr/bin/cmake /home/bin1225/workspaces/ur_gz/src/move_test_cpp -DCMAKE_INSTALL_PREFIX=/home/bin1225/workspaces/ur_gz/install/move_test_cpp
[8.774s] Invoking command in '/home/bin1225/workspaces/ur_gz/build/move_test_cpp': CMAKE_PREFIX_PATH=${CMAKE_PREFIX_PATH}:/home/bin1225/workspaces/ur_gz/install/pick_and_place_pkg:/opt/ros/jazzy /usr/bin/cmake --build /home/bin1225/workspaces/ur_gz/build/move_test_cpp -- -j22 -l22
[8.831s] [ 50%] [32mBuilding CXX object CMakeFiles/move_test_cpp_node.dir/src/move_test.cpp.o[0m
[13.532s] In file included from [01m[K/home/bin1225/workspaces/ur_gz/src/move_test_cpp/src/move_test.cpp:2[m[K:
[13.532s] [01m[K/opt/ros/jazzy/include/moveit_ros_planning_interface/moveit/move_group_interface/move_group_interface.h:51:77:[m[K [01;36m[Knote: [m[Kâ€˜[01m[K#pragma message: .h header is obsolete. Please use the .hpp header instead.[m[Kâ€™
[13.532s]    51 | e(".h header is obsolete. Please use the .hpp header instead."[01;36m[K)[m[K
[13.532s]       |                                                               [01;36m[K^[m[K
[13.532s] 
[16.747s] [01m[K/home/bin1225/workspaces/ur_gz/src/move_test_cpp/src/move_test.cpp:[m[K In function â€˜[01m[Kint[01;32m[K main[m[K(int, char**)[m[Kâ€™:
[16.747s] [01m[K/home/bin1225/workspaces/ur_gz/src/move_test_cpp/src/move_test.cpp:22:30:[m[K [01;31m[Kerror: [m[Kno matching function for call to â€˜[01m[Kmoveit::planning_interface::MoveGroupInterface::plan()[m[Kâ€™
[16.748s]    22 |   auto plan = [01;31m[Kmove_group.plan()[m[K;
[16.748s]       |               [01;31m[K~~~~~~~~~~~~~~~^~[m[K
[16.748s] In file included from [01m[K/opt/ros/jazzy/include/moveit_ros_planning_interface/moveit/move_group_interface/move_group_interface.h:52[m[K:
[16.748s] [01m[K/opt/ros/jazzy/include/moveit_ros_planning_interface/moveit/move_group_interface/move_group_interface.hpp:717:33:[m[K [01;36m[Knote: [m[Kcandidate: â€˜[01m[Kmoveit::core::MoveItErrorCode moveit::planning_interface::MoveGroupInterface::[01;32m[Kplan[m[K(Plan&)[m[Kâ€™
[16.749s]   717 |   moveit::core::MoveItErrorCode [01;36m[Kplan[m[K(Plan& plan);
[16.749s]       |                                 [01;36m[K^~~~[m[K
[16.749s] [01m[K/opt/ros/jazzy/include/moveit_ros_planning_interface/moveit/move_group_interface/move_group_interface.hpp:717:33:[m[K [01;36m[Knote: [m[K  candidate expects 1 argument, 0 provided
[20.731s] gmake[2]: *** [CMakeFiles/move_test_cpp_node.dir/build.make:76: CMakeFiles/move_test_cpp_node.dir/src/move_test.cpp.o] Error 1
[20.732s] gmake[1]: *** [CMakeFiles/Makefile2:137: CMakeFiles/move_test_cpp_node.dir/all] Error 2
[20.732s] gmake: *** [Makefile:146: all] Error 2
[20.737s] Invoked command in '/home/bin1225/workspaces/ur_gz/build/move_test_cpp' returned '2': CMAKE_PREFIX_PATH=${CMAKE_PREFIX_PATH}:/home/bin1225/workspaces/ur_gz/install/pick_and_place_pkg:/opt/ros/jazzy /usr/bin/cmake --build /home/bin1225/workspaces/ur_gz/build/move_test_cpp -- -j22 -l22
